<?xml version="1.0" encoding="UTF-8"?>
<!-- Generated by org.testng.reporters.JUnitReportReporter -->
<testsuite skipped="0" hostname="pcthao" name="testSuites.LoginWithPageFactory_TC_Review" tests="1" failures="0" timestamp="19 Jul 2018 13:14:21 GMT" time="18.893" errors="0">
  <testcase name="test_Home_Page_Appear_Correct" time="18.893" classname="testSuites.LoginWithPageFactory_TC_Review"/>
</testsuite> <!-- testSuites.LoginWithPageFactory_TC_Review -->
