<?xml version="1.0" encoding="UTF-8"?>
<!-- Generated by org.testng.reporters.JUnitReportReporter -->
<testsuite skipped="0" hostname="pcthao" name="testSuites.TestExercise" tests="1" failures="0" timestamp="20 Jul 2018 03:43:31 GMT" time="38.208" errors="0">
  <testcase name="HomeCreditExercise" time="38.208" classname="testSuites.TestExercise"/>
</testsuite> <!-- testSuites.TestExercise -->
