<?xml version="1.0" encoding="UTF-8"?>
<!-- Generated by org.testng.reporters.JUnitReportReporter -->
<testsuite skipped="0" hostname="pcthao" name="testSuites.TestExercise" tests="1" failures="0" timestamp="20 Jul 2018 03:52:45 GMT" time="61.803" errors="0">
  <testcase name="HomeCreditExercise" time="61.803" classname="testSuites.TestExercise"/>
</testsuite> <!-- testSuites.TestExercise -->
